# JRE version: OpenJDK Runtime Environment (8.0_242-b01) (build 1.8.0_242-release-1644-b01)
# Java VM: OpenJDK 64-Bit Server VM (25.242-b01 mixed mode windows-amd64 compressed oops)
Heap:
 PSYoungGen      total 557056K, used 250390K [0x00000000d5580000, 0x0000000100000000, 0x0000000100000000)
  eden space 449024K, 55% used [0x00000000d5580000,0x00000000e4a05a08,0x00000000f0c00000)
  from space 108032K, 0% used [0x00000000f0c00000,0x00000000f0c00000,0x00000000f7580000)
  to   space 136192K, 0% used [0x00000000f7b00000,0x00000000f7b00000,0x0000000100000000)
 ParOldGen       total 1398272K, used 1397869K [0x0000000080000000, 0x00000000d5580000, 0x00000000d5580000)
  object space 1398272K, 99% used [0x0000000080000000,0x00000000d551b7d0,0x00000000d5580000)
 Metaspace       used 512196K, capacity 542680K, committed 557772K, reserved 1523712K
  class space    used 64820K, capacity 70437K, committed 83200K, reserved 1048576K
GC Heap History (10 events):
Event: 3995.326 GC heap before
{Heap before GC invocations=257 (full 44):
 PSYoungGen      total 557056K, used 449024K [0x00000000d5580000, 0x0000000100000000, 0x0000000100000000)
  eden space 449024K, 100% used [0x00000000d5580000,0x00000000f0c00000,0x00000000f0c00000)
  from space 108032K, 0% used [0x00000000f0c00000,0x00000000f0c00000,0x00000000f7580000)
  to   space 136192K, 0% used [0x00000000f7b00000,0x00000000f7b00000,0x0000000100000000)
 ParOldGen       total 1398272K, used 1397792K [0x0000000080000000, 0x00000000d5580000, 0x00000000d5580000)
  object space 1398272K, 99% used [0x0000000080000000,0x00000000d55080c0,0x00000000d5580000)
 Metaspace       used 491102K, capacity 520828K, committed 557516K, reserved 1523712K
  class space    used 62219K, capacity 67673K, committed 83200K, reserved 1048576K
Event: 3997.301 GC heap after
Heap after GC invocations=257 (full 44):
 PSYoungGen      total 557056K, used 132357K [0x00000000d5580000, 0x0000000100000000, 0x0000000100000000)
  eden space 449024K, 29% used [0x00000000d5580000,0x00000000dd6c14a0,0x00000000f0c00000)
  from space 108032K, 0% used [0x00000000f0c00000,0x00000000f0c00000,0x00000000f7580000)
  to   space 136192K, 0% used [0x00000000f7b00000,0x00000000f7b00000,0x0000000100000000)
 ParOldGen       total 1398272K, used 1397771K [0x0000000080000000, 0x00000000d5580000, 0x00000000d5580000)
  object space 1398272K, 99% used [0x0000000080000000,0x00000000d5502f80,0x00000000d5580000)
 Metaspace       used 491102K, capacity 520828K, committed 557516K, reserved 1523712K
  class space    used 62219K, capacity 67673K, committed 83200K, reserved 1048576K
}
Event: 3999.110 GC heap before
{Heap before GC invocations=258 (full 45):
 PSYoungGen      total 557056K, used 449024K [0x00000000d5580000, 0x0000000100000000, 0x0000000100000000)
  eden space 449024K, 100% used [0x00000000d5580000,0x00000000f0c00000,0x00000000f0c00000)
  from space 108032K, 0% used [0x00000000f0c00000,0x00000000f0c00000,0x00000000f7580000)
  to   space 136192K, 0% used [0x00000000f7b00000,0x00000000f7b00000,0x0000000100000000)
 ParOldGen       total 1398272K, used 1397771K [0x0000000080000000, 0x00000000d5580000, 0x00000000d5580000)
  object space 1398272K, 99% used [0x0000000080000000,0x00000000d5502f80,0x00000000d5580000)
 Metaspace       used 503767K, capacity 533880K, committed 557516K, reserved 1523712K
  class space    used 63863K, capacity 69415K, committed 83200K, reserved 1048576K
Event: 4000.785 GC heap after
Heap after GC invocations=258 (full 45):
 PSYoungGen      total 557056K, used 155119K [0x00000000d5580000, 0x0000000100000000, 0x0000000100000000)
  eden space 449024K, 34% used [0x00000000d5580000,0x00000000decfbe38,0x00000000f0c00000)
  from space 108032K, 0% used [0x00000000f0c00000,0x00000000f0c00000,0x00000000f7580000)
  to   space 136192K, 0% used [0x00000000f7b00000,0x00000000f7b00000,0x0000000100000000)
 ParOldGen       total 1398272K, used 1397771K [0x0000000080000000, 0x00000000d5580000, 0x00000000d5580000)
  object space 1398272K, 99% used [0x0000000080000000,0x00000000d5502f80,0x00000000d5580000)
 Metaspace       used 503767K, capacity 533880K, committed 557516K, reserved 1523712K
  class space    used 63863K, capacity 69415K, committed 83200K, reserved 1048576K
}
Event: 4001.481 GC heap before
{Heap before GC invocations=259 (full 46):
 PSYoungGen      total 557056K, used 449024K [0x00000000d5580000, 0x0000000100000000, 0x0000000100000000)
  eden space 449024K, 100% used [0x00000000d5580000,0x00000000f0c00000,0x00000000f0c00000)
  from space 108032K, 0% used [0x00000000f0c00000,0x00000000f0c00000,0x00000000f7580000)
  to   space 136192K, 0% used [0x00000000f7b00000,0x00000000f7b00000,0x0000000100000000)
 ParOldGen       total 1398272K, used 1397771K [0x0000000080000000, 0x00000000d5580000, 0x00000000d5580000)
  object space 1398272K, 99% used [0x0000000080000000,0x00000000d5502f80,0x00000000d5580000)
 Metaspace       used 504374K, capacity 534678K, committed 557516K, reserved 1523712K
  class space    used 63944K, capacity 69518K, committed 83200K, reserved 1048576K
Event: 4003.093 GC heap after
Heap after GC invocations=259 (full 46):
 PSYoungGen      total 557056K, used 114014K [0x00000000d5580000, 0x0000000100000000, 0x0000000100000000)
  eden space 449024K, 25% used [0x00000000d5580000,0x00000000dc4d7b28,0x00000000f0c00000)
  from space 108032K, 0% used [0x00000000f0c00000,0x00000000f0c00000,0x00000000f7580000)
  to   space 136192K, 0% used [0x00000000f7b00000,0x00000000f7b00000,0x0000000100000000)
 ParOldGen       total 1398272K, used 1397771K [0x0000000080000000, 0x00000000d5580000, 0x00000000d5580000)
  object space 1398272K, 99% used [0x0000000080000000,0x00000000d5502f80,0x00000000d5580000)
 Metaspace       used 504374K, capacity 534678K, committed 557516K, reserved 1523712K
  class space    used 63944K, capacity 69518K, committed 83200K, reserved 1048576K
}
Event: 4007.307 GC heap before
{Heap before GC invocations=260 (full 47):
 PSYoungGen      total 557056K, used 449024K [0x00000000d5580000, 0x0000000100000000, 0x0000000100000000)
  eden space 449024K, 100% used [0x00000000d5580000,0x00000000f0c00000,0x00000000f0c00000)
  from space 108032K, 0% used [0x00000000f0c00000,0x00000000f0c00000,0x00000000f7580000)
  to   space 136192K, 0% used [0x00000000f7b00000,0x00000000f7b00000,0x0000000100000000)
 ParOldGen       total 1398272K, used 1397771K [0x0000000080000000, 0x00000000d5580000, 0x00000000d5580000)
  object space 1398272K, 99% used [0x0000000080000000,0x00000000d5502f80,0x00000000d5580000)
 Metaspace       used 504466K, capacity 534748K, committed 557516K, reserved 1523712K
  class space    used 63951K, capacity 69519K, committed 83200K, reserved 1048576K
Event: 4008.958 GC heap after
Heap after GC invocations=260 (full 47):
 PSYoungGen      total 557056K, used 114334K [0x00000000d5580000, 0x0000000100000000, 0x0000000100000000)
  eden space 449024K, 25% used [0x00000000d5580000,0x00000000dc527ba0,0x00000000f0c00000)
  from space 108032K, 0% used [0x00000000f0c00000,0x00000000f0c00000,0x00000000f7580000)
  to   space 136192K, 0% used [0x00000000f7b00000,0x00000000f7b00000,0x0000000100000000)
 ParOldGen       total 1398272K, used 1397771K [0x0000000080000000, 0x00000000d5580000, 0x00000000d5580000)
  object space 1398272K, 99% used [0x0000000080000000,0x00000000d5502f38,0x00000000d5580000)
 Metaspace       used 504466K, capacity 534748K, committed 557516K, reserved 1523712K
  class space    used 63951K, capacity 69519K, committed 83200K, reserved 1048576K
}
Event: 4013.471 GC heap before
{Heap before GC invocations=261 (full 48):
 PSYoungGen      total 557056K, used 449024K [0x00000000d5580000, 0x0000000100000000, 0x0000000100000000)
  eden space 449024K, 100% used [0x00000000d5580000,0x00000000f0c00000,0x00000000f0c00000)
  from space 108032K, 0% used [0x00000000f0c00000,0x00000000f0c00000,0x00000000f7580000)
  to   space 136192K, 0% used [0x00000000f7b00000,0x00000000f7b00000,0x0000000100000000)
 ParOldGen       total 1398272K, used 1397771K [0x0000000080000000, 0x00000000d5580000, 0x00000000d5580000)
  object space 1398272K, 99% used [0x0000000080000000,0x00000000d5502f38,0x00000000d5580000)
 Metaspace       used 504934K, capacity 535252K, committed 557516K, reserved 1523712K
  class space    used 64001K, capacity 69603K, committed 83200K, reserved 1048576K
Event: 4015.910 GC heap after
Heap after GC invocations=261 (full 48):
 PSYoungGen      total 557056K, used 60879K [0x00000000d5580000, 0x0000000100000000, 0x0000000100000000)
  eden space 449024K, 13% used [0x00000000d5580000,0x00000000d90f3ff8,0x00000000f0c00000)
  from space 108032K, 0% used [0x00000000f0c00000,0x00000000f0c00000,0x00000000f7580000)
  to   space 136192K, 0% used [0x00000000f7b00000,0x00000000f7b00000,0x0000000100000000)
 ParOldGen       total 1398272K, used 1397869K [0x0000000080000000, 0x00000000d5580000, 0x00000000d5580000)
  object space 1398272K, 99% used [0x0000000080000000,0x00000000d551b7d0,0x00000000d5580000)
 Metaspace       used 504934K, capacity 535252K, committed 557516K, reserved 1523712K
  class space    used 64001K, capacity 69603K, committed 83200K, reserved 1048576K
}

