# JRE version: OpenJDK Runtime Environment (8.0_242-b01) (build 1.8.0_242-release-1644-b01)
# Java VM: OpenJDK 64-Bit Server VM (25.242-b01 mixed mode windows-amd64 compressed oops)
Heap:
 PSYoungGen      total 542720K, used 42781K [0x00000000d5580000, 0x00000000ff800000, 0x0000000100000000)
  eden space 406016K, 4% used [0x00000000d5580000,0x00000000d66b3118,0x00000000ee200000)
  from space 136704K, 18% used [0x00000000f7280000,0x00000000f8b14478,0x00000000ff800000)
  to   space 142336K, 0% used [0x00000000ee200000,0x00000000ee200000,0x00000000f6d00000)
 ParOldGen       total 1219584K, used 854958K [0x0000000080000000, 0x00000000ca700000, 0x00000000d5580000)
  object space 1219584K, 70% used [0x0000000080000000,0x00000000b42eb850,0x00000000ca700000)
 Metaspace       used 500080K, capacity 527042K, committed 533592K, reserved 1509376K
  class space    used 62754K, capacity 67895K, committed 74328K, reserved 1048576K
GC Heap History (10 events):
Event: 11445.181 GC heap before
{Heap before GC invocations=456 (full 28):
 PSYoungGen      total 570368K, used 522032K [0x00000000d5580000, 0x0000000100000000, 0x0000000100000000)
  eden space 446464K, 100% used [0x00000000d5580000,0x00000000f0980000,0x00000000f0980000)
  from space 123904K, 60% used [0x00000000f0980000,0x00000000f534c118,0x00000000f8280000)
  to   space 124928K, 0% used [0x00000000f8600000,0x00000000f8600000,0x0000000100000000)
 ParOldGen       total 1219584K, used 677195K [0x0000000080000000, 0x00000000ca700000, 0x00000000d5580000)
  object space 1219584K, 55% used [0x0000000080000000,0x00000000a9552d98,0x00000000ca700000)
 Metaspace       used 477222K, capacity 503486K, committed 513112K, reserved 1488896K
  class space    used 59913K, capacity 64903K, committed 74328K, reserved 1048576K
Event: 11445.330 GC heap after
Heap after GC invocations=456 (full 28):
 PSYoungGen      total 514560K, used 124924K [0x00000000d5580000, 0x0000000100000000, 0x0000000100000000)
  eden space 389632K, 0% used [0x00000000d5580000,0x00000000d5580000,0x00000000ed200000)
  from space 124928K, 99% used [0x00000000f8600000,0x00000000fffff348,0x0000000100000000)
  to   space 154624K, 0% used [0x00000000ed200000,0x00000000ed200000,0x00000000f6900000)
 ParOldGen       total 1219584K, used 706876K [0x0000000080000000, 0x00000000ca700000, 0x00000000d5580000)
  object space 1219584K, 57% used [0x0000000080000000,0x00000000ab24f280,0x00000000ca700000)
 Metaspace       used 477222K, capacity 503486K, committed 513112K, reserved 1488896K
  class space    used 59913K, capacity 64903K, committed 74328K, reserved 1048576K
}
Event: 11449.408 GC heap before
{Heap before GC invocations=457 (full 28):
 PSYoungGen      total 514560K, used 514556K [0x00000000d5580000, 0x0000000100000000, 0x0000000100000000)
  eden space 389632K, 100% used [0x00000000d5580000,0x00000000ed200000,0x00000000ed200000)
  from space 124928K, 99% used [0x00000000f8600000,0x00000000fffff348,0x0000000100000000)
  to   space 154624K, 0% used [0x00000000ed200000,0x00000000ed200000,0x00000000f6900000)
 ParOldGen       total 1219584K, used 706876K [0x0000000080000000, 0x00000000ca700000, 0x00000000d5580000)
  object space 1219584K, 57% used [0x0000000080000000,0x00000000ab24f280,0x00000000ca700000)
 Metaspace       used 477227K, capacity 503486K, committed 513112K, reserved 1488896K
  class space    used 59913K, capacity 64903K, committed 74328K, reserved 1048576K
Event: 11449.509 GC heap after
Heap after GC invocations=457 (full 28):
 PSYoungGen      total 544256K, used 46084K [0x00000000d5580000, 0x0000000100000000, 0x0000000100000000)
  eden space 389632K, 0% used [0x00000000d5580000,0x00000000d5580000,0x00000000ed200000)
  from space 154624K, 29% used [0x00000000ed200000,0x00000000eff010e0,0x00000000f6900000)
  to   space 148992K, 0% used [0x00000000f6e80000,0x00000000f6e80000,0x0000000100000000)
 ParOldGen       total 1219584K, used 781396K [0x0000000080000000, 0x00000000ca700000, 0x00000000d5580000)
  object space 1219584K, 64% used [0x0000000080000000,0x00000000afb15378,0x00000000ca700000)
 Metaspace       used 477227K, capacity 503486K, committed 513112K, reserved 1488896K
  class space    used 59913K, capacity 64903K, committed 74328K, reserved 1048576K
}
Event: 11457.449 GC heap before
{Heap before GC invocations=458 (full 28):
 PSYoungGen      total 544256K, used 435716K [0x00000000d5580000, 0x0000000100000000, 0x0000000100000000)
  eden space 389632K, 100% used [0x00000000d5580000,0x00000000ed200000,0x00000000ed200000)
  from space 154624K, 29% used [0x00000000ed200000,0x00000000eff010e0,0x00000000f6900000)
  to   space 148992K, 0% used [0x00000000f6e80000,0x00000000f6e80000,0x0000000100000000)
 ParOldGen       total 1219584K, used 781396K [0x0000000080000000, 0x00000000ca700000, 0x00000000d5580000)
  object space 1219584K, 64% used [0x0000000080000000,0x00000000afb15378,0x00000000ca700000)
 Metaspace       used 477549K, capacity 503856K, committed 513368K, reserved 1488896K
  class space    used 59943K, capacity 64954K, committed 74328K, reserved 1048576K
Event: 11457.613 GC heap after
Heap after GC invocations=458 (full 28):
 PSYoungGen      total 536576K, used 21602K [0x00000000d5580000, 0x00000000ff880000, 0x0000000100000000)
  eden space 395264K, 0% used [0x00000000d5580000,0x00000000d5580000,0x00000000ed780000)
  from space 141312K, 15% used [0x00000000f6e80000,0x00000000f83988d8,0x00000000ff880000)
  to   space 147968K, 0% used [0x00000000ed780000,0x00000000ed780000,0x00000000f6800000)
 ParOldGen       total 1219584K, used 826960K [0x0000000080000000, 0x00000000ca700000, 0x00000000d5580000)
  object space 1219584K, 67% used [0x0000000080000000,0x00000000b2794328,0x00000000ca700000)
 Metaspace       used 477549K, capacity 503856K, committed 513368K, reserved 1488896K
  class space    used 59943K, capacity 64954K, committed 74328K, reserved 1048576K
}
Event: 11460.193 GC heap before
{Heap before GC invocations=459 (full 28):
 PSYoungGen      total 536576K, used 416866K [0x00000000d5580000, 0x00000000ff880000, 0x0000000100000000)
  eden space 395264K, 100% used [0x00000000d5580000,0x00000000ed780000,0x00000000ed780000)
  from space 141312K, 15% used [0x00000000f6e80000,0x00000000f83988d8,0x00000000ff880000)
  to   space 147968K, 0% used [0x00000000ed780000,0x00000000ed780000,0x00000000f6800000)
 ParOldGen       total 1219584K, used 826960K [0x0000000080000000, 0x00000000ca700000, 0x00000000d5580000)
  object space 1219584K, 67% used [0x0000000080000000,0x00000000b2794328,0x00000000ca700000)
 Metaspace       used 492484K, capacity 519288K, committed 526936K, reserved 1501184K
  class space    used 61888K, capacity 66986K, committed 74328K, reserved 1048576K
Event: 11460.269 GC heap after
Heap after GC invocations=459 (full 28):
 PSYoungGen      total 543232K, used 74691K [0x00000000d5580000, 0x0000000100000000, 0x0000000100000000)
  eden space 395264K, 0% used [0x00000000d5580000,0x00000000d5580000,0x00000000ed780000)
  from space 147968K, 50% used [0x00000000ed780000,0x00000000f2070fd0,0x00000000f6800000)
  to   space 144896K, 0% used [0x00000000f7280000,0x00000000f7280000,0x0000000100000000)
 ParOldGen       total 1219584K, used 844040K [0x0000000080000000, 0x00000000ca700000, 0x00000000d5580000)
  object space 1219584K, 69% used [0x0000000080000000,0x00000000b3842170,0x00000000ca700000)
 Metaspace       used 492484K, capacity 519288K, committed 526936K, reserved 1501184K
  class space    used 61888K, capacity 66986K, committed 74328K, reserved 1048576K
}
Event: 11464.604 GC heap before
{Heap before GC invocations=460 (full 28):
 PSYoungGen      total 543232K, used 469955K [0x00000000d5580000, 0x0000000100000000, 0x0000000100000000)
  eden space 395264K, 100% used [0x00000000d5580000,0x00000000ed780000,0x00000000ed780000)
  from space 147968K, 50% used [0x00000000ed780000,0x00000000f2070fd0,0x00000000f6800000)
  to   space 144896K, 0% used [0x00000000f7280000,0x00000000f7280000,0x0000000100000000)
 ParOldGen       total 1219584K, used 844040K [0x0000000080000000, 0x00000000ca700000, 0x00000000d5580000)
  object space 1219584K, 69% used [0x0000000080000000,0x00000000b3842170,0x00000000ca700000)
 Metaspace       used 497840K, capacity 524770K, committed 531544K, reserved 1507328K
  class space    used 62465K, capacity 67607K, committed 74328K, reserved 1048576K
Event: 11464.660 GC heap after
Heap after GC invocations=460 (full 28):
 PSYoungGen      total 542720K, used 25169K [0x00000000d5580000, 0x00000000ff800000, 0x0000000100000000)
  eden space 406016K, 0% used [0x00000000d5580000,0x00000000d5580000,0x00000000ee200000)
  from space 136704K, 18% used [0x00000000f7280000,0x00000000f8b14478,0x00000000ff800000)
  to   space 142336K, 0% used [0x00000000ee200000,0x00000000ee200000,0x00000000f6d00000)
 ParOldGen       total 1219584K, used 854958K [0x0000000080000000, 0x00000000ca700000, 0x00000000d5580000)
  object space 1219584K, 70% used [0x0000000080000000,0x00000000b42eb850,0x00000000ca700000)
 Metaspace       used 497840K, capacity 524770K, committed 531544K, reserved 1507328K
  class space    used 62465K, capacity 67607K, committed 74328K, reserved 1048576K
}

